2022-11-03 23:36:07,401 INFO o.a.j.u.JMeterUtils: Setting Locale to en_EN
2022-11-03 23:36:07,463 INFO o.a.j.JMeter: Loading user properties from: C:\apache-jmeter-5.5\apache-jmeter-5.5\bin\user.properties
2022-11-03 23:36:07,472 INFO o.a.j.JMeter: Loading system properties from: C:\apache-jmeter-5.5\apache-jmeter-5.5\bin\system.properties
2022-11-03 23:36:07,488 INFO o.a.j.JMeter: Copyright (c) 1998-2022 The Apache Software Foundation
2022-11-03 23:36:07,488 INFO o.a.j.JMeter: Version 5.5
2022-11-03 23:36:07,489 INFO o.a.j.JMeter: java.version=18
2022-11-03 23:36:07,489 INFO o.a.j.JMeter: java.vm.name=Java HotSpot(TM) 64-Bit Server VM
2022-11-03 23:36:07,489 INFO o.a.j.JMeter: os.name=Windows 11
2022-11-03 23:36:07,489 INFO o.a.j.JMeter: os.arch=amd64
2022-11-03 23:36:07,489 INFO o.a.j.JMeter: os.version=10.0
2022-11-03 23:36:07,489 INFO o.a.j.JMeter: file.encoding=UTF-8
2022-11-03 23:36:07,489 INFO o.a.j.JMeter: java.awt.headless=null
2022-11-03 23:36:07,489 INFO o.a.j.JMeter: Max memory     =1073741824
2022-11-03 23:36:07,489 INFO o.a.j.JMeter: Available Processors =8
2022-11-03 23:36:07,514 INFO o.a.j.JMeter: Default Locale=English (EN)
2022-11-03 23:36:07,515 INFO o.a.j.JMeter: JMeter  Locale=English (EN)
2022-11-03 23:36:07,515 INFO o.a.j.JMeter: JMeterHome=C:\apache-jmeter-5.5\apache-jmeter-5.5
2022-11-03 23:36:07,515 INFO o.a.j.JMeter: user.dir  =C:\Users\DELL\udacity-projects-devops\QA_final_project
2022-11-03 23:36:07,516 INFO o.a.j.JMeter: PWD       =C:\Users\DELL\udacity-projects-devops\QA_final_project
2022-11-03 23:36:07,518 INFO o.a.j.JMeter: IP: 192.168.1.11 Name: DESKTOP-2K7VTTJ FullName: DESKTOP-2K7VTTJ
2022-11-03 23:36:07,535 INFO o.a.j.JMeter: Loaded icon properties from org/apache/jmeter/images/icon.properties
2022-11-03 23:36:07,944 INFO o.a.j.JMeterGuiLauncher: Setting LAF to: com.github.weisj.darklaf.DarkLaf:com.github.weisj.darklaf.theme.DarculaTheme
2022-11-03 23:36:31,988 INFO o.a.j.s.FileServer: Default base='C:\Users\DELL\udacity-projects-devops\QA_final_project'
2022-11-03 23:36:31,991 INFO o.a.j.g.a.Load: Loading file: C:\Users\DELL\projects\proyecto_final_udacity\automatedtesting\jmeter\Starter.jmx
2022-11-03 23:36:31,991 INFO o.a.j.s.FileServer: Set new base='C:\Users\DELL\projects\proyecto_final_udacity\automatedtesting\jmeter'
2022-11-03 23:36:32,306 INFO o.a.j.s.SaveService: Testplan (JMX) version: 2.2. Testlog (JTL) version: 2.2
2022-11-03 23:36:32,372 INFO o.a.j.s.SaveService: Using SaveService properties version 5.0
2022-11-03 23:36:32,374 INFO o.a.j.s.SaveService: Using SaveService properties file encoding UTF-8
2022-11-03 23:36:32,376 INFO o.a.j.s.SaveService: Loading file: C:\Users\DELL\projects\proyecto_final_udacity\automatedtesting\jmeter\Starter.jmx
2022-11-03 23:36:32,441 INFO o.a.j.p.h.s.HTTPSamplerBase: Parser for text/html is org.apache.jmeter.protocol.http.parser.LagartoBasedHtmlParser
2022-11-03 23:36:32,441 INFO o.a.j.p.h.s.HTTPSamplerBase: Parser for application/xhtml+xml is org.apache.jmeter.protocol.http.parser.LagartoBasedHtmlParser
2022-11-03 23:36:32,441 INFO o.a.j.p.h.s.HTTPSamplerBase: Parser for application/xml is org.apache.jmeter.protocol.http.parser.LagartoBasedHtmlParser
2022-11-03 23:36:32,441 INFO o.a.j.p.h.s.HTTPSamplerBase: Parser for text/xml is org.apache.jmeter.protocol.http.parser.LagartoBasedHtmlParser
2022-11-03 23:36:32,441 INFO o.a.j.p.h.s.HTTPSamplerBase: Parser for text/vnd.wap.wml is org.apache.jmeter.protocol.http.parser.RegexpHTMLParser
2022-11-03 23:36:32,442 INFO o.a.j.p.h.s.HTTPSamplerBase: Parser for text/css is org.apache.jmeter.protocol.http.parser.CssParser
2022-11-03 23:36:32,690 INFO o.a.j.s.SampleResult: Note: Sample TimeStamps are START times
2022-11-03 23:36:32,690 INFO o.a.j.s.SampleResult: sampleresult.default.encoding is set to ISO-8859-1
2022-11-03 23:36:32,690 INFO o.a.j.s.SampleResult: sampleresult.useNanoTime=true
2022-11-03 23:36:32,690 INFO o.a.j.s.SampleResult: sampleresult.nanoThreadSleep=5000
2022-11-03 23:36:32,938 INFO o.a.j.v.ViewResultsFullVisualizer: Add JavaFX to your Java installation if you want to use renderer: org.apache.jmeter.visualizers.RenderInBrowser
2022-11-03 23:36:33,194 INFO o.a.j.v.ViewResultsFullVisualizer: Add JavaFX to your Java installation if you want to use renderer: org.apache.jmeter.visualizers.RenderInBrowser
2022-11-03 23:36:33,342 INFO o.a.j.s.FileServer: Set new base='C:\Users\DELL\projects\proyecto_final_udacity\automatedtesting\jmeter'
2022-11-03 23:41:46,808 INFO o.a.j.e.StandardJMeterEngine: Running the test!
2022-11-03 23:41:46,810 INFO o.a.j.s.SampleEvent: List of sample_variables: []
2022-11-03 23:41:46,811 INFO o.a.j.s.SampleEvent: List of sample_variables: []
2022-11-03 23:41:46,812 INFO o.a.j.e.u.CompoundVariable: Note: Function class names must contain the string: '.functions.'
2022-11-03 23:41:46,812 INFO o.a.j.e.u.CompoundVariable: Note: Function class names must not contain the string: '.gui.'
2022-11-03 23:41:46,974 INFO o.a.j.g.u.JMeterMenuBar: setRunning(true, *local*)
2022-11-03 23:41:47,053 INFO o.a.j.e.StandardJMeterEngine: Starting ThreadGroup: 1 : Starter_endurance
2022-11-03 23:41:47,053 INFO o.a.j.e.StandardJMeterEngine: Starting 2 threads for group Starter_endurance.
2022-11-03 23:41:47,054 INFO o.a.j.e.StandardJMeterEngine: Thread will continue on error
2022-11-03 23:41:47,055 INFO o.a.j.t.ThreadGroup: Starting thread group... number=1 threads=2 ramp-up=60 delayedStart=false
2022-11-03 23:41:47,071 INFO o.a.j.t.ThreadGroup: Started thread group number 1
2022-11-03 23:41:47,071 INFO o.a.j.e.StandardJMeterEngine: Starting ThreadGroup: 2 : Starter_stress
2022-11-03 23:41:47,072 INFO o.a.j.e.StandardJMeterEngine: Starting 2 threads for group Starter_stress.
2022-11-03 23:41:47,073 INFO o.a.j.e.StandardJMeterEngine: Thread will continue on error
2022-11-03 23:41:47,073 INFO o.a.j.t.ThreadGroup: Starting thread group... number=2 threads=2 ramp-up=1 delayedStart=false
2022-11-03 23:41:47,076 INFO o.a.j.t.JMeterThread: Thread started: Starter_stress 2-1
2022-11-03 23:41:47,079 INFO o.a.j.s.FileServer: Stored: endurance_vars.csv
2022-11-03 23:41:47,080 INFO o.a.j.t.JMeterThread: Thread started: Starter_endurance 1-1
2022-11-03 23:41:47,081 INFO o.a.j.t.ThreadGroup: Started thread group number 2
2022-11-03 23:41:47,081 INFO o.a.j.e.StandardJMeterEngine: All thread groups have been started
2022-11-03 23:41:47,125 INFO o.a.j.p.h.s.HTTPHCAbstractImpl: Local host = DESKTOP-2K7VTTJ
2022-11-03 23:41:47,143 INFO o.a.j.p.h.s.HTTPHC4Impl: HTTP request retry count = 0
2022-11-03 23:41:47,410 INFO o.a.j.t.JMeterThread: Thread is done: Starter_stress 2-1
2022-11-03 23:41:47,410 INFO o.a.j.t.JMeterThread: Thread is done: Starter_endurance 1-1
2022-11-03 23:41:47,410 INFO o.a.j.t.JMeterThread: Thread finished: Starter_stress 2-1
2022-11-03 23:41:47,411 INFO o.a.j.t.JMeterThread: Thread finished: Starter_endurance 1-1
2022-11-03 23:41:47,582 INFO o.a.j.t.JMeterThread: Thread started: Starter_stress 2-2
2022-11-03 23:41:47,585 INFO o.a.j.t.JMeterThread: Thread is done: Starter_stress 2-2
2022-11-03 23:41:47,585 INFO o.a.j.t.JMeterThread: Thread finished: Starter_stress 2-2
2022-11-03 23:42:17,073 INFO o.a.j.t.JMeterThread: Thread started: Starter_endurance 1-2
2022-11-03 23:42:17,273 INFO o.a.j.t.JMeterThread: Thread is done: Starter_endurance 1-2
2022-11-03 23:42:17,273 INFO o.a.j.t.JMeterThread: Thread finished: Starter_endurance 1-2
2022-11-03 23:42:17,274 INFO o.a.j.e.StandardJMeterEngine: Notifying test listeners of end of test
2022-11-03 23:42:17,274 INFO o.a.j.s.FileServer: Close: endurance_vars.csv
2022-11-03 23:42:17,288 INFO o.a.j.g.u.JMeterMenuBar: setRunning(false, *local*)
2022-11-03 23:44:22,831 INFO o.a.j.e.StandardJMeterEngine: Running the test!
2022-11-03 23:44:22,834 INFO o.a.j.s.SampleEvent: List of sample_variables: []
2022-11-03 23:44:22,840 INFO o.a.j.g.u.JMeterMenuBar: setRunning(true, *local*)
2022-11-03 23:44:22,911 INFO o.a.j.e.StandardJMeterEngine: Starting ThreadGroup: 1 : Starter_endurance
2022-11-03 23:44:22,913 INFO o.a.j.e.StandardJMeterEngine: Starting 2 threads for group Starter_endurance.
2022-11-03 23:44:22,913 INFO o.a.j.e.StandardJMeterEngine: Thread will continue on error
2022-11-03 23:44:22,913 INFO o.a.j.t.ThreadGroup: Starting thread group... number=1 threads=2 ramp-up=60 delayedStart=false
2022-11-03 23:44:22,915 INFO o.a.j.t.ThreadGroup: Started thread group number 1
2022-11-03 23:44:22,915 INFO o.a.j.e.StandardJMeterEngine: Starting ThreadGroup: 2 : Starter_stress
2022-11-03 23:44:22,915 INFO o.a.j.e.StandardJMeterEngine: Starting 2 threads for group Starter_stress.
2022-11-03 23:44:22,915 INFO o.a.j.e.StandardJMeterEngine: Thread will continue on error
2022-11-03 23:44:22,915 INFO o.a.j.t.ThreadGroup: Starting thread group... number=2 threads=2 ramp-up=1 delayedStart=false
2022-11-03 23:44:22,915 INFO o.a.j.t.JMeterThread: Thread started: Starter_endurance 1-1
2022-11-03 23:44:22,916 INFO o.a.j.s.FileServer: Stored: endurance_vars.csv
2022-11-03 23:44:22,921 INFO o.a.j.t.ThreadGroup: Started thread group number 2
2022-11-03 23:44:22,921 INFO o.a.j.e.StandardJMeterEngine: All thread groups have been started
2022-11-03 23:44:22,931 INFO o.a.j.t.JMeterThread: Thread started: Starter_stress 2-1
2022-11-03 23:44:23,270 INFO o.a.j.t.JMeterThread: Thread is done: Starter_stress 2-1
2022-11-03 23:44:23,270 INFO o.a.j.t.JMeterThread: Thread is done: Starter_endurance 1-1
2022-11-03 23:44:23,270 INFO o.a.j.t.JMeterThread: Thread finished: Starter_stress 2-1
2022-11-03 23:44:23,270 INFO o.a.j.t.JMeterThread: Thread finished: Starter_endurance 1-1
2022-11-03 23:44:23,428 INFO o.a.j.t.JMeterThread: Thread started: Starter_stress 2-2
2022-11-03 23:44:23,433 INFO o.a.j.t.JMeterThread: Thread is done: Starter_stress 2-2
2022-11-03 23:44:23,433 INFO o.a.j.t.JMeterThread: Thread finished: Starter_stress 2-2
2022-11-03 23:44:52,915 INFO o.a.j.t.JMeterThread: Thread started: Starter_endurance 1-2
2022-11-03 23:44:53,136 INFO o.a.j.t.JMeterThread: Thread is done: Starter_endurance 1-2
2022-11-03 23:44:53,136 INFO o.a.j.t.JMeterThread: Thread finished: Starter_endurance 1-2
2022-11-03 23:44:53,137 INFO o.a.j.e.StandardJMeterEngine: Notifying test listeners of end of test
2022-11-03 23:44:53,137 INFO o.a.j.s.FileServer: Close: endurance_vars.csv
2022-11-03 23:44:53,138 INFO o.a.j.g.u.JMeterMenuBar: setRunning(false, *local*)
2022-11-03 23:45:01,346 INFO o.a.j.e.StandardJMeterEngine: Running the test!
2022-11-03 23:45:01,347 INFO o.a.j.s.SampleEvent: List of sample_variables: []
2022-11-03 23:45:01,359 INFO o.a.j.g.u.JMeterMenuBar: setRunning(true, *local*)
2022-11-03 23:45:01,428 INFO o.a.j.e.StandardJMeterEngine: Starting ThreadGroup: 1 : Starter_endurance
2022-11-03 23:45:01,429 INFO o.a.j.e.StandardJMeterEngine: Starting 2 threads for group Starter_endurance.
2022-11-03 23:45:01,429 INFO o.a.j.e.StandardJMeterEngine: Thread will continue on error
2022-11-03 23:45:01,429 INFO o.a.j.t.ThreadGroup: Starting thread group... number=1 threads=2 ramp-up=60 delayedStart=false
2022-11-03 23:45:01,433 INFO o.a.j.t.JMeterThread: Thread started: Starter_endurance 1-1
2022-11-03 23:45:01,435 INFO o.a.j.s.FileServer: Stored: endurance_vars.csv
2022-11-03 23:45:01,434 INFO o.a.j.t.ThreadGroup: Started thread group number 1
2022-11-03 23:45:01,436 INFO o.a.j.e.StandardJMeterEngine: Starting ThreadGroup: 2 : Starter_stress
2022-11-03 23:45:01,436 INFO o.a.j.e.StandardJMeterEngine: Starting 2 threads for group Starter_stress.
2022-11-03 23:45:01,436 INFO o.a.j.e.StandardJMeterEngine: Thread will continue on error
2022-11-03 23:45:01,437 INFO o.a.j.t.ThreadGroup: Starting thread group... number=2 threads=2 ramp-up=1 delayedStart=false
2022-11-03 23:45:01,443 INFO o.a.j.t.ThreadGroup: Started thread group number 2
2022-11-03 23:45:01,443 INFO o.a.j.e.StandardJMeterEngine: All thread groups have been started
2022-11-03 23:45:01,450 INFO o.a.j.t.JMeterThread: Thread is done: Starter_endurance 1-1
2022-11-03 23:45:01,450 INFO o.a.j.t.JMeterThread: Thread finished: Starter_endurance 1-1
2022-11-03 23:45:01,447 INFO o.a.j.t.JMeterThread: Thread started: Starter_stress 2-1
2022-11-03 23:45:01,465 INFO o.a.j.t.JMeterThread: Thread is done: Starter_stress 2-1
2022-11-03 23:45:01,465 INFO o.a.j.t.JMeterThread: Thread finished: Starter_stress 2-1
2022-11-03 23:45:01,957 INFO o.a.j.t.JMeterThread: Thread started: Starter_stress 2-2
2022-11-03 23:45:01,962 INFO o.a.j.t.JMeterThread: Thread is done: Starter_stress 2-2
2022-11-03 23:45:01,962 INFO o.a.j.t.JMeterThread: Thread finished: Starter_stress 2-2
2022-11-03 23:45:31,430 INFO o.a.j.t.JMeterThread: Thread started: Starter_endurance 1-2
2022-11-03 23:45:31,443 INFO o.a.j.t.JMeterThread: Thread is done: Starter_endurance 1-2
2022-11-03 23:45:31,443 INFO o.a.j.t.JMeterThread: Thread finished: Starter_endurance 1-2
2022-11-03 23:45:31,443 INFO o.a.j.e.StandardJMeterEngine: Notifying test listeners of end of test
2022-11-03 23:45:31,443 INFO o.a.j.s.FileServer: Close: endurance_vars.csv
2022-11-03 23:45:31,445 INFO o.a.j.g.u.JMeterMenuBar: setRunning(false, *local*)
2022-11-03 23:45:39,085 INFO o.a.j.e.StandardJMeterEngine: Running the test!
2022-11-03 23:45:39,087 INFO o.a.j.s.SampleEvent: List of sample_variables: []
2022-11-03 23:45:39,092 INFO o.a.j.g.u.JMeterMenuBar: setRunning(true, *local*)
2022-11-03 23:45:39,157 INFO o.a.j.e.StandardJMeterEngine: Starting ThreadGroup: 1 : Starter_endurance
2022-11-03 23:45:39,158 INFO o.a.j.e.StandardJMeterEngine: Starting 2 threads for group Starter_endurance.
2022-11-03 23:45:39,158 INFO o.a.j.e.StandardJMeterEngine: Thread will continue on error
2022-11-03 23:45:39,158 INFO o.a.j.t.ThreadGroup: Starting thread group... number=1 threads=2 ramp-up=60 delayedStart=false
2022-11-03 23:45:39,159 INFO o.a.j.t.ThreadGroup: Started thread group number 1
2022-11-03 23:45:39,159 INFO o.a.j.e.StandardJMeterEngine: Starting ThreadGroup: 2 : Starter_stress
2022-11-03 23:45:39,159 INFO o.a.j.e.StandardJMeterEngine: Starting 2 threads for group Starter_stress.
2022-11-03 23:45:39,159 INFO o.a.j.e.StandardJMeterEngine: Thread will continue on error
2022-11-03 23:45:39,159 INFO o.a.j.t.ThreadGroup: Starting thread group... number=2 threads=2 ramp-up=1 delayedStart=false
2022-11-03 23:45:39,159 INFO o.a.j.t.JMeterThread: Thread started: Starter_endurance 1-1
2022-11-03 23:45:39,160 INFO o.a.j.t.ThreadGroup: Started thread group number 2
2022-11-03 23:45:39,160 INFO o.a.j.s.FileServer: Stored: endurance_vars.csv
2022-11-03 23:45:39,160 INFO o.a.j.e.StandardJMeterEngine: All thread groups have been started
2022-11-03 23:45:39,160 INFO o.a.j.t.JMeterThread: Thread started: Starter_stress 2-1
2022-11-03 23:45:39,168 INFO o.a.j.t.JMeterThread: Thread is done: Starter_endurance 1-1
2022-11-03 23:45:39,168 INFO o.a.j.t.JMeterThread: Thread finished: Starter_endurance 1-1
2022-11-03 23:45:39,169 INFO o.a.j.t.JMeterThread: Thread is done: Starter_stress 2-1
2022-11-03 23:45:39,170 INFO o.a.j.t.JMeterThread: Thread finished: Starter_stress 2-1
2022-11-03 23:45:39,660 INFO o.a.j.t.JMeterThread: Thread started: Starter_stress 2-2
2022-11-03 23:45:39,665 INFO o.a.j.t.JMeterThread: Thread is done: Starter_stress 2-2
2022-11-03 23:45:39,665 INFO o.a.j.t.JMeterThread: Thread finished: Starter_stress 2-2
2022-11-03 23:46:06,079 INFO o.a.j.g.a.Start: Stopping test
2022-11-03 23:46:06,091 INFO o.a.j.t.JMeterThread: Stopping: Starter_endurance 1-2
2022-11-03 23:46:06,092 INFO o.a.j.t.JMeterThread: Thread started: Starter_endurance 1-2
2022-11-03 23:46:06,092 INFO o.a.j.t.JMeterThread: Thread finished: Starter_endurance 1-2
2022-11-03 23:46:06,093 INFO o.a.j.e.StandardJMeterEngine: Notifying test listeners of end of test
2022-11-03 23:46:06,094 INFO o.a.j.s.FileServer: Close: endurance_vars.csv
2022-11-03 23:46:06,095 INFO o.a.j.g.u.JMeterMenuBar: setRunning(false, *local*)
2022-11-03 23:46:09,712 INFO o.a.j.e.StandardJMeterEngine: Running the test!
2022-11-03 23:46:09,712 INFO o.a.j.s.SampleEvent: List of sample_variables: []
2022-11-03 23:46:09,720 INFO o.a.j.g.u.JMeterMenuBar: setRunning(true, *local*)
2022-11-03 23:46:09,781 INFO o.a.j.e.StandardJMeterEngine: Starting ThreadGroup: 1 : Starter_endurance
2022-11-03 23:46:09,781 INFO o.a.j.e.StandardJMeterEngine: Starting 2 threads for group Starter_endurance.
2022-11-03 23:46:09,781 INFO o.a.j.e.StandardJMeterEngine: Thread will continue on error
2022-11-03 23:46:09,781 INFO o.a.j.t.ThreadGroup: Starting thread group... number=1 threads=2 ramp-up=60 delayedStart=false
2022-11-03 23:46:09,781 INFO o.a.j.t.ThreadGroup: Started thread group number 1
2022-11-03 23:46:09,781 INFO o.a.j.e.StandardJMeterEngine: Starting ThreadGroup: 2 : Starter_stress
2022-11-03 23:46:09,781 INFO o.a.j.e.StandardJMeterEngine: Starting 2 threads for group Starter_stress.
2022-11-03 23:46:09,782 INFO o.a.j.e.StandardJMeterEngine: Thread will continue on error
2022-11-03 23:46:09,782 INFO o.a.j.t.ThreadGroup: Starting thread group... number=2 threads=2 ramp-up=1 delayedStart=false
2022-11-03 23:46:09,782 INFO o.a.j.t.JMeterThread: Thread started: Starter_endurance 1-1
2022-11-03 23:46:09,782 INFO o.a.j.t.ThreadGroup: Started thread group number 2
2022-11-03 23:46:09,782 INFO o.a.j.e.StandardJMeterEngine: All thread groups have been started
2022-11-03 23:46:09,782 INFO o.a.j.t.JMeterThread: Thread started: Starter_stress 2-1
2022-11-03 23:46:09,782 INFO o.a.j.s.FileServer: Stored: endurance_vars.csv
2022-11-03 23:46:10,029 INFO o.a.j.t.JMeterThread: Thread is done: Starter_endurance 1-1
2022-11-03 23:46:10,029 INFO o.a.j.t.JMeterThread: Thread is done: Starter_stress 2-1
2022-11-03 23:46:10,029 INFO o.a.j.t.JMeterThread: Thread finished: Starter_endurance 1-1
2022-11-03 23:46:10,029 INFO o.a.j.t.JMeterThread: Thread finished: Starter_stress 2-1
2022-11-03 23:46:10,284 INFO o.a.j.t.JMeterThread: Thread started: Starter_stress 2-2
2022-11-03 23:46:10,287 INFO o.a.j.t.JMeterThread: Thread is done: Starter_stress 2-2
2022-11-03 23:46:10,288 INFO o.a.j.t.JMeterThread: Thread finished: Starter_stress 2-2
2022-11-03 23:46:39,782 INFO o.a.j.t.JMeterThread: Thread started: Starter_endurance 1-2
2022-11-03 23:46:39,891 INFO o.a.j.t.JMeterThread: Thread is done: Starter_endurance 1-2
2022-11-03 23:46:39,891 INFO o.a.j.t.JMeterThread: Thread finished: Starter_endurance 1-2
2022-11-03 23:46:39,892 INFO o.a.j.e.StandardJMeterEngine: Notifying test listeners of end of test
2022-11-03 23:46:39,892 INFO o.a.j.s.FileServer: Close: endurance_vars.csv
2022-11-03 23:46:39,893 INFO o.a.j.g.u.JMeterMenuBar: setRunning(false, *local*)
